# JRE version: Java(TM) SE Runtime Environment (8.0_162-b12) (build 1.8.0_162-b12)
# Java VM: Java HotSpot(TM) 64-Bit Server VM (25.162-b12 mixed mode linux-amd64 compressed oops)
Heap:
 PSYoungGen      total 286720K, used 0K [0x00000000eb700000, 0x00000000ffc80000, 0x0000000100000000)
  eden space 275968K, 0% used [0x00000000eb700000,0x00000000eb700000,0x00000000fc480000)
  from space 10752K, 0% used [0x00000000fc480000,0x00000000fc480000,0x00000000fcf00000)
  to   space 28672K, 0% used [0x00000000fe080000,0x00000000fe080000,0x00000000ffc80000)
 ParOldGen       total 182784K, used 152535K [0x00000000c2400000, 0x00000000cd680000, 0x00000000eb700000)
  object space 182784K, 83% used [0x00000000c2400000,0x00000000cb8f5cb0,0x00000000cd680000)
 Metaspace       used 73242K, capacity 74042K, committed 74968K, reserved 1114112K
  class space    used 10388K, capacity 10584K, committed 10752K, reserved 1048576K
GC Heap History (10 events):
Event: 75.741 GC heap after
Heap after GC invocations=95 (full 6):
 PSYoungGen      total 306688K, used 676K [0x00000000eb700000, 0x0000000100000000, 0x0000000100000000)
  eden space 278016K, 0% used [0x00000000eb700000,0x00000000eb700000,0x00000000fc680000)
  from space 28672K, 2% used [0x00000000fc680000,0x00000000fc7293b8,0x00000000fe280000)
  to   space 28672K, 0% used [0x00000000fe400000,0x00000000fe400000,0x0000000100000000)
 ParOldGen       total 182784K, used 168324K [0x00000000c2400000, 0x00000000cd680000, 0x00000000eb700000)
  object space 182784K, 92% used [0x00000000c2400000,0x00000000cc861058,0x00000000cd680000)
 Metaspace       used 73559K, capacity 74594K, committed 74712K, reserved 1114112K
  class space    used 10439K, capacity 10676K, committed 10752K, reserved 1048576K
}
Event: 80.438 GC heap before
{Heap before GC invocations=96 (full 6):
 PSYoungGen      total 306688K, used 278692K [0x00000000eb700000, 0x0000000100000000, 0x0000000100000000)
  eden space 278016K, 100% used [0x00000000eb700000,0x00000000fc680000,0x00000000fc680000)
  from space 28672K, 2% used [0x00000000fc680000,0x00000000fc7293b8,0x00000000fe280000)
  to   space 28672K, 0% used [0x00000000fe400000,0x00000000fe400000,0x0000000100000000)
 ParOldGen       total 182784K, used 168324K [0x00000000c2400000, 0x00000000cd680000, 0x00000000eb700000)
  object space 182784K, 92% used [0x00000000c2400000,0x00000000cc861058,0x00000000cd680000)
 Metaspace       used 73568K, capacity 74606K, committed 74712K, reserved 1114112K
  class space    used 10440K, capacity 10678K, committed 10752K, reserved 1048576K
Event: 80.444 GC heap after
Heap after GC invocations=96 (full 6):
 PSYoungGen      total 305152K, used 6806K [0x00000000eb700000, 0x00000000ffd00000, 0x0000000100000000)
  eden space 279552K, 0% used [0x00000000eb700000,0x00000000eb700000,0x00000000fc800000)
  from space 25600K, 26% used [0x00000000fe400000,0x00000000feaa5a78,0x00000000ffd00000)
  to   space 27136K, 0% used [0x00000000fc800000,0x00000000fc800000,0x00000000fe280000)
 ParOldGen       total 182784K, used 168324K [0x00000000c2400000, 0x00000000cd680000, 0x00000000eb700000)
  object space 182784K, 92% used [0x00000000c2400000,0x00000000cc861058,0x00000000cd680000)
 Metaspace       used 73568K, capacity 74606K, committed 74712K, reserved 1114112K
  class space    used 10440K, capacity 10678K, committed 10752K, reserved 1048576K
}
Event: 82.159 GC heap before
{Heap before GC invocations=97 (full 6):
 PSYoungGen      total 305152K, used 286358K [0x00000000eb700000, 0x00000000ffd00000, 0x0000000100000000)
  eden space 279552K, 100% used [0x00000000eb700000,0x00000000fc800000,0x00000000fc800000)
  from space 25600K, 26% used [0x00000000fe400000,0x00000000feaa5a78,0x00000000ffd00000)
  to   space 27136K, 0% used [0x00000000fc800000,0x00000000fc800000,0x00000000fe280000)
 ParOldGen       total 182784K, used 168324K [0x00000000c2400000, 0x00000000cd680000, 0x00000000eb700000)
  object space 182784K, 92% used [0x00000000c2400000,0x00000000cc861058,0x00000000cd680000)
 Metaspace       used 73578K, capacity 74612K, committed 74712K, reserved 1114112K
  class space    used 10440K, capacity 10679K, committed 10752K, reserved 1048576K
Event: 82.746 GC heap after
Heap after GC invocations=97 (full 6):
 PSYoungGen      total 304128K, used 24279K [0x00000000eb700000, 0x0000000100000000, 0x0000000100000000)
  eden space 279552K, 0% used [0x00000000eb700000,0x00000000eb700000,0x00000000fc800000)
  from space 24576K, 98% used [0x00000000fc800000,0x00000000fdfb5ca8,0x00000000fe000000)
  to   space 30720K, 0% used [0x00000000fe200000,0x00000000fe200000,0x0000000100000000)
 ParOldGen       total 182784K, used 168324K [0x00000000c2400000, 0x00000000cd680000, 0x00000000eb700000)
  object space 182784K, 92% used [0x00000000c2400000,0x00000000cc861058,0x00000000cd680000)
 Metaspace       used 73578K, capacity 74612K, committed 74712K, reserved 1114112K
  class space    used 10440K, capacity 10679K, committed 10752K, reserved 1048576K
}
Event: 84.142 GC heap before
{Heap before GC invocations=98 (full 6):
 PSYoungGen      total 304128K, used 303831K [0x00000000eb700000, 0x0000000100000000, 0x0000000100000000)
  eden space 279552K, 100% used [0x00000000eb700000,0x00000000fc800000,0x00000000fc800000)
  from space 24576K, 98% used [0x00000000fc800000,0x00000000fdfb5ca8,0x00000000fe000000)
  to   space 30720K, 0% used [0x00000000fe200000,0x00000000fe200000,0x0000000100000000)
 ParOldGen       total 182784K, used 168324K [0x00000000c2400000, 0x00000000cd680000, 0x00000000eb700000)
  object space 182784K, 92% used [0x00000000c2400000,0x00000000cc861058,0x00000000cd680000)
 Metaspace       used 73578K, capacity 74612K, committed 74712K, reserved 1114112K
  class space    used 10440K, capacity 10679K, committed 10752K, reserved 1048576K
Event: 84.151 GC heap after
Heap after GC invocations=98 (full 6):
 PSYoungGen      total 306688K, used 14943K [0x00000000eb700000, 0x0000000100000000, 0x0000000100000000)
  eden space 275968K, 0% used [0x00000000eb700000,0x00000000eb700000,0x00000000fc480000)
  from space 30720K, 48% used [0x00000000fe200000,0x00000000ff097d08,0x0000000100000000)
  to   space 30208K, 0% used [0x00000000fc480000,0x00000000fc480000,0x00000000fe200000)
 ParOldGen       total 182784K, used 168372K [0x00000000c2400000, 0x00000000cd680000, 0x00000000eb700000)
  object space 182784K, 92% used [0x00000000c2400000,0x00000000cc86d058,0x00000000cd680000)
 Metaspace       used 73578K, capacity 74612K, committed 74712K, reserved 1114112K
  class space    used 10440K, capacity 10679K, committed 10752K, reserved 1048576K
}
Event: 89.366 GC heap before
{Heap before GC invocations=99 (full 6):
 PSYoungGen      total 306688K, used 290094K [0x00000000eb700000, 0x0000000100000000, 0x0000000100000000)
  eden space 275968K, 99% used [0x00000000eb700000,0x00000000fc3b3b50,0x00000000fc480000)
  from space 30720K, 48% used [0x00000000fe200000,0x00000000ff097d08,0x0000000100000000)
  to   space 30208K, 0% used [0x00000000fc480000,0x00000000fc480000,0x00000000fe200000)
 ParOldGen       total 182784K, used 168372K [0x00000000c2400000, 0x00000000cd680000, 0x00000000eb700000)
  object space 182784K, 92% used [0x00000000c2400000,0x00000000cc86d058,0x00000000cd680000)
 Metaspace       used 73748K, capacity 74852K, committed 74968K, reserved 1114112K
  class space    used 10463K, capacity 10719K, committed 10752K, reserved 1048576K
Event: 89.385 GC heap after
Heap after GC invocations=99 (full 6):
 PSYoungGen      total 286720K, used 10608K [0x00000000eb700000, 0x00000000ffc80000, 0x0000000100000000)
  eden space 275968K, 0% used [0x00000000eb700000,0x00000000eb700000,0x00000000fc480000)
  from space 10752K, 98% used [0x00000000fc480000,0x00000000fcedc268,0x00000000fcf00000)
  to   space 28672K, 0% used [0x00000000fe080000,0x00000000fe080000,0x00000000ffc80000)
 ParOldGen       total 182784K, used 181156K [0x00000000c2400000, 0x00000000cd680000, 0x00000000eb700000)
  object space 182784K, 99% used [0x00000000c2400000,0x00000000cd4e9348,0x00000000cd680000)
 Metaspace       used 73748K, capacity 74852K, committed 74968K, reserved 1114112K
  class space    used 10463K, capacity 10719K, committed 10752K, reserved 1048576K
}
Event: 89.386 GC heap before
{Heap before GC invocations=100 (full 7):
 PSYoungGen      total 286720K, used 10608K [0x00000000eb700000, 0x00000000ffc80000, 0x0000000100000000)
  eden space 275968K, 0% used [0x00000000eb700000,0x00000000eb700000,0x00000000fc480000)
  from space 10752K, 98% used [0x00000000fc480000,0x00000000fcedc268,0x00000000fcf00000)
  to   space 28672K, 0% used [0x00000000fe080000,0x00000000fe080000,0x00000000ffc80000)
 ParOldGen       total 182784K, used 181156K [0x00000000c2400000, 0x00000000cd680000, 0x00000000eb700000)
  object space 182784K, 99% used [0x00000000c2400000,0x00000000cd4e9348,0x00000000cd680000)
 Metaspace       used 73748K, capacity 74852K, committed 74968K, reserved 1114112K
  class space    used 10463K, capacity 10719K, committed 10752K, reserved 1048576K

